Using pre-set license
Built from '2020.3/staging' branch; Version is '2020.3.16f1 (049d6eca3c44) revision 302446'; Using compiler version '192528614'; Build Type 'Release'
OS: 'Windows 7  (6.1.0) 64bit' Language: 'ru' Physical Memory: 16301 MB
BatchMode: 1, IsHumanControllingUs: 0, StartBugReporterOnCrash: 0, Is64bit: 1, IsPro: 0

 COMMAND LINE ARGUMENTS:
C:\Program Files\Unity\Hub\Editor\2020.3.16f1\Editor\Unity.exe
-adb2
-batchMode
-noUpm
-name
AssetImportWorker2
-projectPath
D:/UnityAngarsk/Fidget Pops
-logFile
Logs/AssetImportWorker2.log
-srvPort
32274
Successfully changed project path to: D:/UnityAngarsk/Fidget Pops
D:/UnityAngarsk/Fidget Pops
Using Asset Import Pipeline V2.
Refreshing native plugins compatible for Editor in 131.41 ms, found 5 plugins.
Preloading 0 native plugins for Editor in 0.00 ms.
Initialize engine version: 2020.3.16f1 (049d6eca3c44)
[Subsystems] Discovering subsystems at path C:/Program Files/Unity/Hub/Editor/2020.3.16f1/Editor/Data/Resources/UnitySubsystems
[Subsystems] Discovering subsystems at path D:/UnityAngarsk/Fidget Pops/Assets
GfxDevice: creating device client; threaded=0
d3d11: CreateDXGIFactory2(...) not found, fallbacking to CreateDXGIFactory1(...).
d3d11: QueryInterface(IDXGIFactory5) failed (80004002).
Direct3D:
    Version:  Direct3D 11.0 [level 11.0]
    Renderer: NVIDIA GeForce GTX 1060 6GB (ID=0x1c03)
    Vendor:   
    VRAM:     6036 MB
    Driver:   27.21.14.6192
Initialize mono
Mono path[0] = 'C:/Program Files/Unity/Hub/Editor/2020.3.16f1/Editor/Data/Managed'
Mono path[1] = 'C:/Program Files/Unity/Hub/Editor/2020.3.16f1/Editor/Data/MonoBleedingEdge/lib/mono/unityjit'
Mono config path = 'C:/Program Files/Unity/Hub/Editor/2020.3.16f1/Editor/Data/MonoBleedingEdge/etc'
Using monoOptions --debugger-agent=transport=dt_socket,embedding=1,server=y,suspend=n,address=127.0.0.1:56784
Begin MonoManager ReloadAssembly
Registering precompiled unity dll's ...
Register platform support module: C:/Program Files/Unity/Hub/Editor/2020.3.16f1/Editor/Data/PlaybackEngines/WindowsStandaloneSupport/UnityEditor.WindowsStandalone.Extensions.dll
Registered in 0.001812 seconds.
Native extension for WindowsStandalone target not found
Refreshing native plugins compatible for Editor in 82.73 ms, found 5 plugins.
Preloading 0 native plugins for Editor in 0.00 ms.
Mono: successfully reloaded assembly
- Completed reload, in  3.802 seconds
Domain Reload Profiling:
	ReloadAssembly (3803ms)
		BeginReloadAssembly (68ms)
			ExecutionOrderSort (0ms)
			DisableScriptedObjects (0ms)
			BackupInstance (0ms)
			ReleaseScriptingObjects (0ms)
			CreateAndSetChildDomain (1ms)
		EndReloadAssembly (584ms)
			LoadAssemblies (65ms)
			RebuildTransferFunctionScriptingTraits (0ms)
			SetupTypeCache (198ms)
			ReleaseScriptCaches (0ms)
			RebuildScriptCaches (43ms)
			SetupLoadedEditorAssemblies (247ms)
				LogAssemblyErrors (0ms)
				InitializePlatformSupportModulesInManaged (5ms)
				SetLoadedEditorAssemblies (0ms)
				RefreshPlugins (83ms)
				BeforeProcessingInitializeOnLoad (19ms)
				ProcessInitializeOnLoadAttributes (104ms)
				ProcessInitializeOnLoadMethodAttributes (35ms)
				AfterProcessingInitializeOnLoad (0ms)
				EditorAssembliesLoaded (0ms)
			ExecutionOrderSort2 (0ms)
			AwakeInstancesAfterBackupRestoration (0ms)
Platform modules already initialized, skipping
Registering precompiled user dll's ...
Registered in 0.010890 seconds.
Begin MonoManager ReloadAssembly
Native extension for WindowsStandalone target not found
Refreshing native plugins compatible for Editor in 2.42 ms, found 5 plugins.
Preloading 0 native plugins for Editor in 0.00 ms.
Mono: successfully reloaded assembly
- Completed reload, in  1.810 seconds
Domain Reload Profiling:
	ReloadAssembly (1811ms)
		BeginReloadAssembly (194ms)
			ExecutionOrderSort (0ms)
			DisableScriptedObjects (6ms)
			BackupInstance (0ms)
			ReleaseScriptingObjects (0ms)
			CreateAndSetChildDomain (28ms)
		EndReloadAssembly (1540ms)
			LoadAssemblies (132ms)
			RebuildTransferFunctionScriptingTraits (0ms)
			SetupTypeCache (395ms)
			ReleaseScriptCaches (1ms)
			RebuildScriptCaches (80ms)
			SetupLoadedEditorAssemblies (796ms)
				LogAssemblyErrors (0ms)
				InitializePlatformSupportModulesInManaged (7ms)
				SetLoadedEditorAssemblies (1ms)
				RefreshPlugins (3ms)
				BeforeProcessingInitializeOnLoad (125ms)
				ProcessInitializeOnLoadAttributes (602ms)
				ProcessInitializeOnLoadMethodAttributes (53ms)
				AfterProcessingInitializeOnLoad (5ms)
				EditorAssembliesLoaded (0ms)
			ExecutionOrderSort2 (0ms)
			AwakeInstancesAfterBackupRestoration (7ms)
Platform modules already initialized, skipping
========================================================================
Worker process is ready to serve import requests
Launched and connected shader compiler UnityShaderCompiler.exe after 0.09 seconds
Refreshing native plugins compatible for Editor in 2.22 ms, found 5 plugins.
Preloading 0 native plugins for Editor in 0.00 ms.
Unloading 2385 Unused Serialized files (Serialized files now loaded: 0)
System memory in use before: 95.6 MB.
System memory in use after: 95.7 MB.

Unloading 191 unused Assets to reduce memory usage. Loaded Objects now: 2701.
Total: 8.671759 ms (FindLiveObjects: 0.252225 ms CreateObjectMapping: 0.105431 ms MarkObjects: 8.168863 ms  DeleteObjects: 0.142751 ms)

AssetImportParameters requested are different than current active one (requested -> active):
  custom:framework-win-MediaFoundation: 216162199b28c13a410421893ffa2e32 -> 
  custom:video-decoder-ogg-theora: a1e56fd34408186e4bbccfd4996cb3dc -> 
  custom:container-muxer-webm: aa71ff27fc2769a1b78a27578f13a17b -> 
  custom:container-demuxer-webm: 4f35f7cbe854078d1ac9338744f61a02 -> 
  custom:container-demuxer-ogg: 62fdf1f143b41e24485cea50d1cbac27 -> 
  custom:video-encoder-webm-vp8: eb34c28f22e8b96e1ab97ce403110664 -> 
  custom:video-decoder-webm-vp8: 9c59270c3fd7afecdb556c50c9e8de78 -> 
  custom:audio-decoder-ogg-vorbis: bf7c407c2cedff20999df2af8eb42d56 -> 
  custom:audio-encoder-webm-vorbis: bf7c407c2cedff20999df2af8eb42d56 -> 
========================================================================
Received Prepare
Refreshing native plugins compatible for Editor in 55.37 ms, found 5 plugins.
Preloading 0 native plugins for Editor in 0.00 ms.
Unloading 180 Unused Serialized files (Serialized files now loaded: 0)
System memory in use before: 51.0 MB.
System memory in use after: 51.2 MB.

Unloading 180 unused Assets to reduce memory usage. Loaded Objects now: 2701.
Total: 8.206184 ms (FindLiveObjects: 0.247871 ms CreateObjectMapping: 0.104187 ms MarkObjects: 7.785394 ms  DeleteObjects: 0.066244 ms)

AssetImportParameters requested are different than current active one (requested -> active):
  custom:framework-win-MediaFoundation: 216162199b28c13a410421893ffa2e32 -> 
  custom:video-decoder-ogg-theora: a1e56fd34408186e4bbccfd4996cb3dc -> 
  custom:container-muxer-webm: aa71ff27fc2769a1b78a27578f13a17b -> 
  custom:container-demuxer-webm: 4f35f7cbe854078d1ac9338744f61a02 -> 
  custom:container-demuxer-ogg: 62fdf1f143b41e24485cea50d1cbac27 -> 
  custom:video-encoder-webm-vp8: eb34c28f22e8b96e1ab97ce403110664 -> 
  custom:video-decoder-webm-vp8: 9c59270c3fd7afecdb556c50c9e8de78 -> 
  custom:audio-decoder-ogg-vorbis: bf7c407c2cedff20999df2af8eb42d56 -> 
  custom:audio-encoder-webm-vorbis: bf7c407c2cedff20999df2af8eb42d56 -> 
========================================================================
Received Import Request.
  path: Assets/Prefabs/Game/GaintPlayer.prefab
  artifactKey: Guid(7c258e781d2e5d94e8ec5921c9d3bff5) Importer(815301076,1909f56bfc062723c751e8b465ee728b)
Start importing Assets/Prefabs/Game/GaintPlayer.prefab using Guid(7c258e781d2e5d94e8ec5921c9d3bff5) Importer(815301076,1909f56bfc062723c751e8b465ee728b)  -> (artifact id: '649beba3fde17cf9682a84ed35e1b43b') in 0.224500 seconds 
  Import took 0.233239 seconds .

========================================================================
Received Import Request.
  Time since last request: 0.000504 seconds.
  path: Assets/Prefabs/Game/Players.prefab
  artifactKey: Guid(7e9c114a913dfe54db481df658717405) Importer(815301076,1909f56bfc062723c751e8b465ee728b)
Start importing Assets/Prefabs/Game/Players.prefab using Guid(7e9c114a913dfe54db481df658717405) Importer(815301076,1909f56bfc062723c751e8b465ee728b)  -> (artifact id: '21cd3cf788874c304c8a9b7a9716f7a3') in 0.082628 seconds 
  Import took 0.090962 seconds .

========================================================================
Received Prepare
Registering precompiled user dll's ...
Registered in 0.010815 seconds.
Begin MonoManager ReloadAssembly
Native extension for WindowsStandalone target not found
Refreshing native plugins compatible for Editor in 2.15 ms, found 5 plugins.
Preloading 0 native plugins for Editor in 0.00 ms.
Mono: successfully reloaded assembly
- Completed reload, in  1.627 seconds
Domain Reload Profiling:
	ReloadAssembly (1628ms)
		BeginReloadAssembly (124ms)
			ExecutionOrderSort (0ms)
			DisableScriptedObjects (7ms)
			BackupInstance (0ms)
			ReleaseScriptingObjects (0ms)
			CreateAndSetChildDomain (35ms)
		EndReloadAssembly (1431ms)
			LoadAssemblies (134ms)
			RebuildTransferFunctionScriptingTraits (0ms)
			SetupTypeCache (382ms)
			ReleaseScriptCaches (1ms)
			RebuildScriptCaches (64ms)
			SetupLoadedEditorAssemblies (716ms)
				LogAssemblyErrors (0ms)
				InitializePlatformSupportModulesInManaged (6ms)
				SetLoadedEditorAssemblies (1ms)
				RefreshPlugins (3ms)
				BeforeProcessingInitializeOnLoad (98ms)
				ProcessInitializeOnLoadAttributes (561ms)
				ProcessInitializeOnLoadMethodAttributes (42ms)
				AfterProcessingInitializeOnLoad (5ms)
				EditorAssembliesLoaded (0ms)
			ExecutionOrderSort2 (0ms)
			AwakeInstancesAfterBackupRestoration (7ms)
Platform modules already initialized, skipping
Switching build target platform(19) subTarget(0) extendedPlatform(0) -> platform(13) subTarget(589824) extendedPlatform(0)
Refreshing native plugins compatible for Editor in 2.17 ms, found 5 plugins.
Preloading 0 native plugins for Editor in 0.00 ms.
Unloading 2372 Unused Serialized files (Serialized files now loaded: 0)
System memory in use before: 97.5 MB.
System memory in use after: 97.7 MB.

Unloading 182 unused Assets to reduce memory usage. Loaded Objects now: 2711.
Total: 7.533169 ms (FindLiveObjects: 0.250670 ms CreateObjectMapping: 0.097656 ms MarkObjects: 7.096206 ms  DeleteObjects: 0.087081 ms)

AssetImportParameters requested are different than current active one (requested -> active):
  custom:framework-win-MediaFoundation: 216162199b28c13a410421893ffa2e32 -> 
  custom:video-decoder-ogg-theora: a1e56fd34408186e4bbccfd4996cb3dc -> 
  custom:container-muxer-webm: aa71ff27fc2769a1b78a27578f13a17b -> 
  custom:container-demuxer-webm: 4f35f7cbe854078d1ac9338744f61a02 -> 
  custom:container-demuxer-ogg: 62fdf1f143b41e24485cea50d1cbac27 -> 
  custom:video-encoder-webm-vp8: eb34c28f22e8b96e1ab97ce403110664 -> 
  custom:video-decoder-webm-vp8: 9c59270c3fd7afecdb556c50c9e8de78 -> 
  custom:graphics/normal-map-encoding: 01000000000000000000000000000000 -> 02000000000000000000000000000000
  custom:audio-decoder-ogg-vorbis: bf7c407c2cedff20999df2af8eb42d56 -> 
  custom:audio-encoder-webm-vorbis: bf7c407c2cedff20999df2af8eb42d56 -> 
========================================================================
Received Prepare
Registering precompiled user dll's ...
Registered in 0.010903 seconds.
Begin MonoManager ReloadAssembly
Native extension for WindowsStandalone target not found
Refreshing native plugins compatible for Editor in 2.41 ms, found 5 plugins.
Preloading 0 native plugins for Editor in 0.00 ms.
Mono: successfully reloaded assembly
- Completed reload, in  1.590 seconds
Domain Reload Profiling:
	ReloadAssembly (1591ms)
		BeginReloadAssembly (121ms)
			ExecutionOrderSort (0ms)
			DisableScriptedObjects (8ms)
			BackupInstance (0ms)
			ReleaseScriptingObjects (0ms)
			CreateAndSetChildDomain (37ms)
		EndReloadAssembly (1397ms)
			LoadAssemblies (117ms)
			RebuildTransferFunctionScriptingTraits (0ms)
			SetupTypeCache (353ms)
			ReleaseScriptCaches (1ms)
			RebuildScriptCaches (57ms)
			SetupLoadedEditorAssemblies (732ms)
				LogAssemblyErrors (0ms)
				InitializePlatformSupportModulesInManaged (6ms)
				SetLoadedEditorAssemblies (2ms)
				RefreshPlugins (3ms)
				BeforeProcessingInitializeOnLoad (100ms)
				ProcessInitializeOnLoadAttributes (573ms)
				ProcessInitializeOnLoadMethodAttributes (43ms)
				AfterProcessingInitializeOnLoad (5ms)
				EditorAssembliesLoaded (0ms)
			ExecutionOrderSort2 (0ms)
			AwakeInstancesAfterBackupRestoration (7ms)
Platform modules already initialized, skipping
Switching build target platform(19) subTarget(0) extendedPlatform(0) -> platform(13) subTarget(589824) extendedPlatform(0)
Refreshing native plugins compatible for Editor in 2.18 ms, found 5 plugins.
Preloading 0 native plugins for Editor in 0.00 ms.
Unloading 2372 Unused Serialized files (Serialized files now loaded: 0)
System memory in use before: 97.5 MB.
System memory in use after: 97.7 MB.

Unloading 182 unused Assets to reduce memory usage. Loaded Objects now: 2713.
Total: 7.756470 ms (FindLiveObjects: 0.289857 ms CreateObjectMapping: 0.098589 ms MarkObjects: 7.283121 ms  DeleteObjects: 0.082416 ms)

AssetImportParameters requested are different than current active one (requested -> active):
  custom:framework-win-MediaFoundation: 216162199b28c13a410421893ffa2e32 -> 
  custom:video-decoder-ogg-theora: a1e56fd34408186e4bbccfd4996cb3dc -> 
  custom:container-muxer-webm: aa71ff27fc2769a1b78a27578f13a17b -> 
  custom:container-demuxer-webm: 4f35f7cbe854078d1ac9338744f61a02 -> 
  custom:container-demuxer-ogg: 62fdf1f143b41e24485cea50d1cbac27 -> 
  custom:video-encoder-webm-vp8: eb34c28f22e8b96e1ab97ce403110664 -> 
  custom:video-decoder-webm-vp8: 9c59270c3fd7afecdb556c50c9e8de78 -> 
  custom:graphics/normal-map-encoding: 01000000000000000000000000000000 -> 02000000000000000000000000000000
  custom:audio-decoder-ogg-vorbis: bf7c407c2cedff20999df2af8eb42d56 -> 
  custom:audio-encoder-webm-vorbis: bf7c407c2cedff20999df2af8eb42d56 -> 
========================================================================
Received Import Request.
  Time since last request: 4178.378171 seconds.
  path: Assets/1/Castle_player2.prefab
  artifactKey: Guid(e90856f4ea40539409e1b8bcd463207b) Importer(815301076,1909f56bfc062723c751e8b465ee728b)
Start importing Assets/1/Castle_player2.prefab using Guid(e90856f4ea40539409e1b8bcd463207b) Importer(815301076,1909f56bfc062723c751e8b465ee728b)  -> (artifact id: '3e907ac30695d4ffb4909cca510ed278') in 0.285994 seconds 
  Import took 0.295333 seconds .

========================================================================
Received Prepare
Registering precompiled user dll's ...
Registered in 0.010984 seconds.
Begin MonoManager ReloadAssembly
Native extension for WindowsStandalone target not found
Refreshing native plugins compatible for Editor in 2.30 ms, found 5 plugins.
Preloading 0 native plugins for Editor in 0.01 ms.
Mono: successfully reloaded assembly
- Completed reload, in  1.798 seconds
Domain Reload Profiling:
	ReloadAssembly (1799ms)
		BeginReloadAssembly (129ms)
			ExecutionOrderSort (0ms)
			DisableScriptedObjects (7ms)
			BackupInstance (0ms)
			ReleaseScriptingObjects (0ms)
			CreateAndSetChildDomain (39ms)
		EndReloadAssembly (1568ms)
			LoadAssemblies (181ms)
			RebuildTransferFunctionScriptingTraits (0ms)
			SetupTypeCache (430ms)
			ReleaseScriptCaches (1ms)
			RebuildScriptCaches (60ms)
			SetupLoadedEditorAssemblies (739ms)
				LogAssemblyErrors (0ms)
				InitializePlatformSupportModulesInManaged (6ms)
				SetLoadedEditorAssemblies (1ms)
				RefreshPlugins (3ms)
				BeforeProcessingInitializeOnLoad (105ms)
				ProcessInitializeOnLoadAttributes (573ms)
				ProcessInitializeOnLoadMethodAttributes (46ms)
				AfterProcessingInitializeOnLoad (5ms)
				EditorAssembliesLoaded (0ms)
			ExecutionOrderSort2 (0ms)
			AwakeInstancesAfterBackupRestoration (8ms)
Platform modules already initialized, skipping
Switching build target platform(19) subTarget(0) extendedPlatform(0) -> platform(13) subTarget(589824) extendedPlatform(0)
Refreshing native plugins compatible for Editor in 2.17 ms, found 5 plugins.
Preloading 0 native plugins for Editor in 0.00 ms.
Unloading 2372 Unused Serialized files (Serialized files now loaded: 0)
System memory in use before: 97.6 MB.
System memory in use after: 97.8 MB.

Unloading 182 unused Assets to reduce memory usage. Loaded Objects now: 2716.
Total: 8.167619 ms (FindLiveObjects: 0.316914 ms CreateObjectMapping: 0.135909 ms MarkObjects: 7.629580 ms  DeleteObjects: 0.083349 ms)

AssetImportParameters requested are different than current active one (requested -> active):
  custom:framework-win-MediaFoundation: 216162199b28c13a410421893ffa2e32 -> 
  custom:video-decoder-ogg-theora: a1e56fd34408186e4bbccfd4996cb3dc -> 
  custom:container-muxer-webm: aa71ff27fc2769a1b78a27578f13a17b -> 
  custom:container-demuxer-webm: 4f35f7cbe854078d1ac9338744f61a02 -> 
  custom:container-demuxer-ogg: 62fdf1f143b41e24485cea50d1cbac27 -> 
  custom:video-encoder-webm-vp8: eb34c28f22e8b96e1ab97ce403110664 -> 
  custom:video-decoder-webm-vp8: 9c59270c3fd7afecdb556c50c9e8de78 -> 
  custom:graphics/normal-map-encoding: 01000000000000000000000000000000 -> 02000000000000000000000000000000
  custom:audio-decoder-ogg-vorbis: bf7c407c2cedff20999df2af8eb42d56 -> 
  custom:audio-encoder-webm-vorbis: bf7c407c2cedff20999df2af8eb42d56 -> 
========================================================================
Received Prepare
Registering precompiled user dll's ...
Registered in 0.010727 seconds.
Begin MonoManager ReloadAssembly
Native extension for WindowsStandalone target not found
Refreshing native plugins compatible for Editor in 2.31 ms, found 5 plugins.
Preloading 0 native plugins for Editor in 0.00 ms.
Mono: successfully reloaded assembly
- Completed reload, in  1.869 seconds
Domain Reload Profiling:
	ReloadAssembly (1870ms)
		BeginReloadAssembly (139ms)
			ExecutionOrderSort (0ms)
			DisableScriptedObjects (8ms)
			BackupInstance (0ms)
			ReleaseScriptingObjects (0ms)
			CreateAndSetChildDomain (43ms)
		EndReloadAssembly (1657ms)
			LoadAssemblies (139ms)
			RebuildTransferFunctionScriptingTraits (0ms)
			SetupTypeCache (391ms)
			ReleaseScriptCaches (1ms)
			RebuildScriptCaches (70ms)
			SetupLoadedEditorAssemblies (836ms)
				LogAssemblyErrors (0ms)
				InitializePlatformSupportModulesInManaged (17ms)
				SetLoadedEditorAssemblies (2ms)
				RefreshPlugins (3ms)
				BeforeProcessingInitializeOnLoad (128ms)
				ProcessInitializeOnLoadAttributes (630ms)
				ProcessInitializeOnLoadMethodAttributes (52ms)
				AfterProcessingInitializeOnLoad (5ms)
				EditorAssembliesLoaded (0ms)
			ExecutionOrderSort2 (0ms)
			AwakeInstancesAfterBackupRestoration (8ms)
Platform modules already initialized, skipping
Switching build target platform(19) subTarget(0) extendedPlatform(0) -> platform(13) subTarget(589824) extendedPlatform(0)
Refreshing native plugins compatible for Editor in 2.18 ms, found 5 plugins.
Preloading 0 native plugins for Editor in 0.00 ms.
Unloading 2371 Unused Serialized files (Serialized files now loaded: 0)
System memory in use before: 97.6 MB.
System memory in use after: 97.8 MB.

Unloading 183 unused Assets to reduce memory usage. Loaded Objects now: 2717.
Total: 7.919126 ms (FindLiveObjects: 0.220814 ms CreateObjectMapping: 0.098589 ms MarkObjects: 7.520106 ms  DeleteObjects: 0.078062 ms)

AssetImportParameters requested are different than current active one (requested -> active):
  custom:framework-win-MediaFoundation: 216162199b28c13a410421893ffa2e32 -> 
  custom:video-decoder-ogg-theora: a1e56fd34408186e4bbccfd4996cb3dc -> 
  custom:container-muxer-webm: aa71ff27fc2769a1b78a27578f13a17b -> 
  custom:container-demuxer-webm: 4f35f7cbe854078d1ac9338744f61a02 -> 
  custom:container-demuxer-ogg: 62fdf1f143b41e24485cea50d1cbac27 -> 
  custom:video-encoder-webm-vp8: eb34c28f22e8b96e1ab97ce403110664 -> 
  custom:video-decoder-webm-vp8: 9c59270c3fd7afecdb556c50c9e8de78 -> 
  custom:graphics/normal-map-encoding: 01000000000000000000000000000000 -> 02000000000000000000000000000000
  custom:audio-decoder-ogg-vorbis: bf7c407c2cedff20999df2af8eb42d56 -> 
  custom:audio-encoder-webm-vorbis: bf7c407c2cedff20999df2af8eb42d56 -> 
========================================================================
Received Prepare
Refreshing native plugins compatible for Editor in 60.32 ms, found 5 plugins.
Preloading 0 native plugins for Editor in 0.00 ms.
Unloading 180 Unused Serialized files (Serialized files now loaded: 0)
System memory in use before: 54.5 MB.
System memory in use after: 54.7 MB.

Unloading 180 unused Assets to reduce memory usage. Loaded Objects now: 2717.
Total: 7.381398 ms (FindLiveObjects: 0.207751 ms CreateObjectMapping: 0.098278 ms MarkObjects: 6.997307 ms  DeleteObjects: 0.076818 ms)

AssetImportParameters requested are different than current active one (requested -> active):
  custom:framework-win-MediaFoundation: 216162199b28c13a410421893ffa2e32 -> 
  custom:video-decoder-ogg-theora: a1e56fd34408186e4bbccfd4996cb3dc -> 
  custom:container-muxer-webm: aa71ff27fc2769a1b78a27578f13a17b -> 
  custom:container-demuxer-webm: 4f35f7cbe854078d1ac9338744f61a02 -> 
  custom:container-demuxer-ogg: 62fdf1f143b41e24485cea50d1cbac27 -> 
  custom:video-encoder-webm-vp8: eb34c28f22e8b96e1ab97ce403110664 -> 
  custom:video-decoder-webm-vp8: 9c59270c3fd7afecdb556c50c9e8de78 -> 
  custom:audio-decoder-ogg-vorbis: bf7c407c2cedff20999df2af8eb42d56 -> 
  custom:audio-encoder-webm-vorbis: bf7c407c2cedff20999df2af8eb42d56 -> 
========================================================================
Received Import Request.
  Time since last request: 1342.071885 seconds.
  path: Assets/1/Mesh/Materials/Castle_player.mat
  artifactKey: Guid(acb1cbe232831934ea1ed8ee0541aef2) Importer(815301076,1909f56bfc062723c751e8b465ee728b)
Start importing Assets/1/Mesh/Materials/Castle_player.mat using Guid(acb1cbe232831934ea1ed8ee0541aef2) Importer(815301076,1909f56bfc062723c751e8b465ee728b)  -> (artifact id: 'fa6d938b44a8dc0e471a0d823c5ca8f1') in 0.501532 seconds 
  Import took 0.510853 seconds .

========================================================================
Received Import Request.
  Time since last request: 2.609970 seconds.
  path: Assets/1/Mesh/Materials/Baloon/Baloon_uv_coloured2.mat
  artifactKey: Guid(e9f70d981db59f74a9608b07cbf74c5a) Importer(815301076,1909f56bfc062723c751e8b465ee728b)
Start importing Assets/1/Mesh/Materials/Baloon/Baloon_uv_coloured2.mat using Guid(e9f70d981db59f74a9608b07cbf74c5a) Importer(815301076,1909f56bfc062723c751e8b465ee728b)  -> (artifact id: '8783ad716aa1b031c79ac99e2ba401cf') in 0.146512 seconds 
  Import took 0.155864 seconds .

========================================================================
Received Import Request.
  Time since last request: 0.000774 seconds.
  path: Assets/1/Mesh/Materials/Baloon/New Material.mat
  artifactKey: Guid(676ba999bd6cae742af40d47c6985582) Importer(815301076,1909f56bfc062723c751e8b465ee728b)
Start importing Assets/1/Mesh/Materials/Baloon/New Material.mat using Guid(676ba999bd6cae742af40d47c6985582) Importer(815301076,1909f56bfc062723c751e8b465ee728b)  -> (artifact id: 'c092e922a5dc2b4e2c8f7182d27c8c44') in 0.119451 seconds 
  Import took 0.127254 seconds .

========================================================================
Received Import Request.
  Time since last request: 0.000519 seconds.
  path: Assets/1/Mesh/Materials/Baloon/Baloon_uv_coloured3.mat
  artifactKey: Guid(65ef1668fa61c084e979808d748fe23e) Importer(815301076,1909f56bfc062723c751e8b465ee728b)
Start importing Assets/1/Mesh/Materials/Baloon/Baloon_uv_coloured3.mat using Guid(65ef1668fa61c084e979808d748fe23e) Importer(815301076,1909f56bfc062723c751e8b465ee728b)  -> (artifact id: 'f91c29b2e65fd98260b7108d26905f2f') in 0.116391 seconds 
  Import took 0.125348 seconds .

========================================================================
Received Import Request.
  Time since last request: 0.437858 seconds.
  path: Assets/1/Mesh/Materials/Bonus/Bonus.mat
  artifactKey: Guid(b452ec4172dca1049b0bb10978a38f28) Importer(815301076,1909f56bfc062723c751e8b465ee728b)
Start importing Assets/1/Mesh/Materials/Bonus/Bonus.mat using Guid(b452ec4172dca1049b0bb10978a38f28) Importer(815301076,1909f56bfc062723c751e8b465ee728b)  -> (artifact id: '37f8e19e4c467a19d426eb7a24d3f4bc') in 0.072415 seconds 
  Import took 0.084825 seconds .

========================================================================
Received Import Request.
  Time since last request: 0.000694 seconds.
  path: Assets/1/Mesh/Materials/Bonus/Bonus2.mat
  artifactKey: Guid(b5524e67a0e437d4992767d3c94e72a4) Importer(815301076,1909f56bfc062723c751e8b465ee728b)
Start importing Assets/1/Mesh/Materials/Bonus/Bonus2.mat using Guid(b5524e67a0e437d4992767d3c94e72a4) Importer(815301076,1909f56bfc062723c751e8b465ee728b)  -> (artifact id: 'd5ae6da599b0e21c0c40939669f39996') in 0.082392 seconds 
  Import took 0.101891 seconds .

========================================================================
Received Import Request.
  Time since last request: 0.000848 seconds.
  path: Assets/1/Mesh/Materials/Bonus/Bonus_plane.mat
  artifactKey: Guid(cae993d26302c0e438bbb7e2955da104) Importer(815301076,1909f56bfc062723c751e8b465ee728b)
Start importing Assets/1/Mesh/Materials/Bonus/Bonus_plane.mat using Guid(cae993d26302c0e438bbb7e2955da104) Importer(815301076,1909f56bfc062723c751e8b465ee728b)  -> (artifact id: '8fe549f753f87b6e593234b6731e6463') in 0.133912 seconds 
  Import took 0.169844 seconds .

========================================================================
Received Import Request.
  Time since last request: 0.080833 seconds.
  path: Assets/1/Mesh/Materials/Castles/Castle3.mat
  artifactKey: Guid(d95f7608afa04a6468f290ab03dbfcc9) Importer(815301076,1909f56bfc062723c751e8b465ee728b)
Start importing Assets/1/Mesh/Materials/Castles/Castle3.mat using Guid(d95f7608afa04a6468f290ab03dbfcc9) Importer(815301076,1909f56bfc062723c751e8b465ee728b)  -> (artifact id: 'ac42a40787893e2711e89b08f79c3f88') in 0.061526 seconds 
  Import took 0.071026 seconds .

========================================================================
Received Import Request.
  Time since last request: 0.000771 seconds.
  path: Assets/1/Mesh/Materials/Castles/Windows.mat
  artifactKey: Guid(a25ef6b1fb0a7bf4f8c5e558fa4c1c5f) Importer(815301076,1909f56bfc062723c751e8b465ee728b)
Start importing Assets/1/Mesh/Materials/Castles/Windows.mat using Guid(a25ef6b1fb0a7bf4f8c5e558fa4c1c5f) Importer(815301076,1909f56bfc062723c751e8b465ee728b)  -> (artifact id: '7272cfc79605342a3bdd97524be8c711') in 0.063616 seconds 
  Import took 0.100018 seconds .

========================================================================
Received Import Request.
  Time since last request: 0.000572 seconds.
  path: Assets/1/Mesh/Materials/Castles/Roof.mat
  artifactKey: Guid(8857f84e0f5ee34498e7c83e6a93160b) Importer(815301076,1909f56bfc062723c751e8b465ee728b)
Start importing Assets/1/Mesh/Materials/Castles/Roof.mat using Guid(8857f84e0f5ee34498e7c83e6a93160b) Importer(815301076,1909f56bfc062723c751e8b465ee728b)  -> (artifact id: 'e358ce9a47816d876d7a69b8660d0e89') in 0.063269 seconds 
  Import took 0.072107 seconds .

========================================================================
Received Import Request.
  Time since last request: 0.000967 seconds.
  path: Assets/1/Mesh/Materials/Castles/Castle_blue.mat
  artifactKey: Guid(465d71c1f6031db45b3761feb3cb974a) Importer(815301076,1909f56bfc062723c751e8b465ee728b)
Start importing Assets/1/Mesh/Materials/Castles/Castle_blue.mat using Guid(465d71c1f6031db45b3761feb3cb974a) Importer(815301076,1909f56bfc062723c751e8b465ee728b)  -> (artifact id: 'bdcc686ab70d00541483c5594c4ce06d') in 0.063086 seconds 
  Import took 0.071635 seconds .

========================================================================
Received Import Request.
  Time since last request: 0.000497 seconds.
  path: Assets/1/Mesh/Materials/Castles/Roof_blue 1.mat
  artifactKey: Guid(8e5b7bfebbba0f7418fe5a285f158c03) Importer(815301076,1909f56bfc062723c751e8b465ee728b)
Start importing Assets/1/Mesh/Materials/Castles/Roof_blue 1.mat using Guid(8e5b7bfebbba0f7418fe5a285f158c03) Importer(815301076,1909f56bfc062723c751e8b465ee728b)  -> (artifact id: 'fca007fc7f6973b25d612a7c99c08da5') in 0.063372 seconds 
  Import took 0.078825 seconds .

========================================================================
Received Import Request.
  Time since last request: 0.007538 seconds.
  path: Assets/1/Mesh/Materials/Castles/Roof_blue 1.mat
  artifactKey: Guid(8e5b7bfebbba0f7418fe5a285f158c03) Importer(815301076,1909f56bfc062723c751e8b465ee728b)
Start importing Assets/1/Mesh/Materials/Castles/Roof_blue 1.mat using Guid(8e5b7bfebbba0f7418fe5a285f158c03) Importer(815301076,1909f56bfc062723c751e8b465ee728b)  -> (artifact id: 'fca007fc7f6973b25d612a7c99c08da5') in 0.060597 seconds 
  Import took 0.070923 seconds .

========================================================================
Received Import Request.
  Time since last request: 2.055663 seconds.
  path: Assets/1/Mesh/Materials/Popit/Blue 1.mat
  artifactKey: Guid(673d447168cc0ab43b87ce77927deb8f) Importer(815301076,1909f56bfc062723c751e8b465ee728b)
Start importing Assets/1/Mesh/Materials/Popit/Blue 1.mat using Guid(673d447168cc0ab43b87ce77927deb8f) Importer(815301076,1909f56bfc062723c751e8b465ee728b)  -> (artifact id: '3efa25aaa62e2da0b84b040ed955d44c') in 0.097863 seconds 
  Import took 0.107723 seconds .

========================================================================
Received Import Request.
  Time since last request: 0.000850 seconds.
  path: Assets/1/Mesh/Materials/Popit/Orange.mat
  artifactKey: Guid(915ab8f5d0d4df2489f13b0a649d2a4a) Importer(815301076,1909f56bfc062723c751e8b465ee728b)
Start importing Assets/1/Mesh/Materials/Popit/Orange.mat using Guid(915ab8f5d0d4df2489f13b0a649d2a4a) Importer(815301076,1909f56bfc062723c751e8b465ee728b)  -> (artifact id: 'd96e8a7918c4d7407d4b5a4ef7b5d729') in 0.081095 seconds 
  Import took 0.090102 seconds .

========================================================================
Received Import Request.
  Time since last request: 0.000776 seconds.
  path: Assets/1/Mesh/Materials/Popit/Dark_green.mat
  artifactKey: Guid(aa63ad6cd96f30f49ba9646944cea2a7) Importer(815301076,1909f56bfc062723c751e8b465ee728b)
Start importing Assets/1/Mesh/Materials/Popit/Dark_green.mat using Guid(aa63ad6cd96f30f49ba9646944cea2a7) Importer(815301076,1909f56bfc062723c751e8b465ee728b)  -> (artifact id: 'd6de98edd7c0533b2bbc3eff6bbc7190') in 0.076311 seconds 
  Import took 0.085814 seconds .

========================================================================
Received Import Request.
  Time since last request: 0.000916 seconds.
  path: Assets/1/Mesh/Materials/Popit/Orange 1.mat
  artifactKey: Guid(73f0fec6e469a504ba19ea965a9450f3) Importer(815301076,1909f56bfc062723c751e8b465ee728b)
Start importing Assets/1/Mesh/Materials/Popit/Orange 1.mat using Guid(73f0fec6e469a504ba19ea965a9450f3) Importer(815301076,1909f56bfc062723c751e8b465ee728b)  -> (artifact id: 'ae56c19323d466ae6cea6cf38d2b8f9e') in 0.061737 seconds 
  Import took 0.070013 seconds .

========================================================================
Received Import Request.
  Time since last request: 0.000810 seconds.
  path: Assets/1/Mesh/Materials/Popit/Purpule 1.mat
  artifactKey: Guid(b8a550a301d458b499ddc74906f68467) Importer(815301076,1909f56bfc062723c751e8b465ee728b)
Start importing Assets/1/Mesh/Materials/Popit/Purpule 1.mat using Guid(b8a550a301d458b499ddc74906f68467) Importer(815301076,1909f56bfc062723c751e8b465ee728b)  -> (artifact id: '9d56cd0ae7a831427dcc7a518a1a826a') in 0.063008 seconds 
  Import took 0.079569 seconds .

========================================================================
Received Import Request.
  Time since last request: 0.000764 seconds.
  path: Assets/1/Mesh/Materials/Popit/Pink 1.mat
  artifactKey: Guid(1b7eca4851eab5341ab26015ab06155e) Importer(815301076,1909f56bfc062723c751e8b465ee728b)
Start importing Assets/1/Mesh/Materials/Popit/Pink 1.mat using Guid(1b7eca4851eab5341ab26015ab06155e) Importer(815301076,1909f56bfc062723c751e8b465ee728b)  -> (artifact id: '0cae201df67932b32107297433ca72b5') in 0.062351 seconds 
  Import took 0.116022 seconds .

========================================================================
Received Import Request.
  Time since last request: 0.000746 seconds.
  path: Assets/1/Mesh/Materials/other/Rainbow3.png
  artifactKey: Guid(0ac97ad8bc002f246bbe031345e6950d) Importer(815301076,1909f56bfc062723c751e8b465ee728b)
Start importing Assets/1/Mesh/Materials/other/Rainbow3.png using Guid(0ac97ad8bc002f246bbe031345e6950d) Importer(815301076,1909f56bfc062723c751e8b465ee728b)  -> (artifact id: '065ad75ad510411dd3472f20cbc6d34e') in 0.177857 seconds 
  Import took 0.187007 seconds .

========================================================================
Received Import Request.
  Time since last request: 0.000684 seconds.
  path: Assets/1/Mesh/Materials/other/Cloud.mat
  artifactKey: Guid(d54b381aaf7e9b74aac5663f41103c07) Importer(815301076,1909f56bfc062723c751e8b465ee728b)
Start importing Assets/1/Mesh/Materials/other/Cloud.mat using Guid(d54b381aaf7e9b74aac5663f41103c07) Importer(815301076,1909f56bfc062723c751e8b465ee728b)  -> (artifact id: '08a1a3196e242876d659d553e6e4d3db') in 0.061262 seconds 
  Import took 0.070227 seconds .

========================================================================
Received Import Request.
  Time since last request: 0.000570 seconds.
  path: Assets/1/Mesh/Materials/Popit/Yellow 1.mat
  artifactKey: Guid(88030da2d2cba0d418c2e9c3e5f1b959) Importer(815301076,1909f56bfc062723c751e8b465ee728b)
Start importing Assets/1/Mesh/Materials/Popit/Yellow 1.mat using Guid(88030da2d2cba0d418c2e9c3e5f1b959) Importer(815301076,1909f56bfc062723c751e8b465ee728b)  -> (artifact id: '13f4468b272dc1eeaa16ecf306b43860') in 0.062450 seconds 
  Import took 0.072275 seconds .

========================================================================
Received Import Request.
  Time since last request: 0.000730 seconds.
  path: Assets/1/Mesh/Materials/other/Tex_arrows.mat
  artifactKey: Guid(cb7b679fd79780f438263d619301468c) Importer(815301076,1909f56bfc062723c751e8b465ee728b)
Start importing Assets/1/Mesh/Materials/other/Tex_arrows.mat using Guid(cb7b679fd79780f438263d619301468c) Importer(815301076,1909f56bfc062723c751e8b465ee728b)  -> (artifact id: '1af686646f03cdb75a7f3a06b5836b52') in 0.079939 seconds 
  Import took 0.088921 seconds .

========================================================================
Received Import Request.
  Time since last request: 0.000734 seconds.
  path: Assets/1/Mesh/Materials/Popit/Green 1.mat
  artifactKey: Guid(1d7878a965f2eb04fbfd5d0a55bb030e) Importer(815301076,1909f56bfc062723c751e8b465ee728b)
Start importing Assets/1/Mesh/Materials/Popit/Green 1.mat using Guid(1d7878a965f2eb04fbfd5d0a55bb030e) Importer(815301076,1909f56bfc062723c751e8b465ee728b)  -> (artifact id: '9b869fe200e944f8579b43a847f00ba1') in 0.064819 seconds 
  Import took 0.084734 seconds .

========================================================================
Received Import Request.
  Time since last request: 0.000747 seconds.
  path: Assets/1/Mesh/Materials/Popit/Blue.mat
  artifactKey: Guid(fdd3990030ff7d8439d57098e6aab35b) Importer(815301076,1909f56bfc062723c751e8b465ee728b)
Start importing Assets/1/Mesh/Materials/Popit/Blue.mat using Guid(fdd3990030ff7d8439d57098e6aab35b) Importer(815301076,1909f56bfc062723c751e8b465ee728b)  -> (artifact id: '02b41831427da34ec8bab38718b84af0') in 0.076041 seconds 
  Import took 0.153128 seconds .

========================================================================
Received Import Request.
  Time since last request: 0.000724 seconds.
  path: Assets/1/Mesh/Materials/Popit/Dark_blue.mat
  artifactKey: Guid(f7029cc0106e20f4fa22dd1e1fc9df8e) Importer(815301076,1909f56bfc062723c751e8b465ee728b)
Start importing Assets/1/Mesh/Materials/Popit/Dark_blue.mat using Guid(f7029cc0106e20f4fa22dd1e1fc9df8e) Importer(815301076,1909f56bfc062723c751e8b465ee728b)  -> (artifact id: '8fa39f182b64fe7778420fe3d728e1d1') in 0.077177 seconds 
  Import took 0.085998 seconds .

========================================================================
Received Import Request.
  Time since last request: 0.000692 seconds.
  path: Assets/1/Mesh/Materials/Popit/Dark_green 1.mat
  artifactKey: Guid(1015f329b426f50409044c1120d46135) Importer(815301076,1909f56bfc062723c751e8b465ee728b)
Start importing Assets/1/Mesh/Materials/Popit/Dark_green 1.mat using Guid(1015f329b426f50409044c1120d46135) Importer(815301076,1909f56bfc062723c751e8b465ee728b)  -> (artifact id: 'fadb99e33e0c57a9e536058500f99e1f') in 0.065186 seconds 
  Import took 0.083149 seconds .

========================================================================
Received Import Request.
  Time since last request: 0.000650 seconds.
  path: Assets/1/Mesh/Materials/Popit/Green.mat
  artifactKey: Guid(610a25bbbe032c94898cbe373fad1229) Importer(815301076,1909f56bfc062723c751e8b465ee728b)
Start importing Assets/1/Mesh/Materials/Popit/Green.mat using Guid(610a25bbbe032c94898cbe373fad1229) Importer(815301076,1909f56bfc062723c751e8b465ee728b)  -> (artifact id: 'e0bfe8658bdbd42cfcabb8ee01af7e28') in 0.079874 seconds 
  Import took 0.087820 seconds .

========================================================================
Received Import Request.
  Time since last request: 0.000606 seconds.
  path: Assets/1/Mesh/Materials/other/arrow.mat
  artifactKey: Guid(b98b7c15efc94bb4cb54b2a072ba3d7f) Importer(815301076,1909f56bfc062723c751e8b465ee728b)
Start importing Assets/1/Mesh/Materials/other/arrow.mat using Guid(b98b7c15efc94bb4cb54b2a072ba3d7f) Importer(815301076,1909f56bfc062723c751e8b465ee728b)  -> (artifact id: '65bea38c1796fe97f86a77c2febef8b9') in 0.113141 seconds 
  Import took 0.122547 seconds .

========================================================================
Received Import Request.
  Time since last request: 0.000715 seconds.
  path: Assets/1/Mesh/Materials/Popit/Pink.mat
  artifactKey: Guid(d9f7e7f71d9371a449e218d65bac82e4) Importer(815301076,1909f56bfc062723c751e8b465ee728b)
Start importing Assets/1/Mesh/Materials/Popit/Pink.mat using Guid(d9f7e7f71d9371a449e218d65bac82e4) Importer(815301076,1909f56bfc062723c751e8b465ee728b)  -> (artifact id: '7dfdc2ac5f0ef789cade1447b258d910') in 0.076846 seconds 
  Import took 0.085706 seconds .

========================================================================
Received Import Request.
  Time since last request: 0.000786 seconds.
  path: Assets/1/Mesh/Materials/Popit/Red.mat
  artifactKey: Guid(b9ea5829f0d144545b86c647c132efc7) Importer(815301076,1909f56bfc062723c751e8b465ee728b)
Start importing Assets/1/Mesh/Materials/Popit/Red.mat using Guid(b9ea5829f0d144545b86c647c132efc7) Importer(815301076,1909f56bfc062723c751e8b465ee728b)  -> (artifact id: '9710f82424c6b527034f1ec3bd0eb528') in 0.100241 seconds 
  Import took 0.159286 seconds .

========================================================================
Received Import Request.
  Time since last request: 0.000711 seconds.
  path: Assets/1/Mesh/Materials/Popit/Yellow.mat
  artifactKey: Guid(31368b25dfd656742a161b9b9643f150) Importer(815301076,1909f56bfc062723c751e8b465ee728b)
Start importing Assets/1/Mesh/Materials/Popit/Yellow.mat using Guid(31368b25dfd656742a161b9b9643f150) Importer(815301076,1909f56bfc062723c751e8b465ee728b)  -> (artifact id: '23b29b0ece0f96f777deb2ca10b41dfe') in 0.086659 seconds 
  Import took 0.096462 seconds .

========================================================================
Received Import Request.
  Time since last request: 0.000764 seconds.
  path: Assets/1/Mesh/Materials/Popit/Purpule.mat
  artifactKey: Guid(f0f98150cb6b2764f9f71e20197f4085) Importer(815301076,1909f56bfc062723c751e8b465ee728b)
Start importing Assets/1/Mesh/Materials/Popit/Purpule.mat using Guid(f0f98150cb6b2764f9f71e20197f4085) Importer(815301076,1909f56bfc062723c751e8b465ee728b)  -> (artifact id: '4656f91869dc82643899b0b2ce612058') in 0.076173 seconds 
  Import took 0.084364 seconds .

========================================================================
Received Import Request.
  Time since last request: 0.000788 seconds.
  path: Assets/1/Mesh/Materials/Popit/Dark_blue 1.mat
  artifactKey: Guid(79b61f31f54ed8641a660bc2580562ed) Importer(815301076,1909f56bfc062723c751e8b465ee728b)
Start importing Assets/1/Mesh/Materials/Popit/Dark_blue 1.mat using Guid(79b61f31f54ed8641a660bc2580562ed) Importer(815301076,1909f56bfc062723c751e8b465ee728b)  -> (artifact id: '11f483ddd9c8da1dbfdbf7d5a80bbbeb') in 0.062240 seconds 
  Import took 0.072358 seconds .

========================================================================
Received Import Request.
  Time since last request: 0.000703 seconds.
  path: Assets/1/Mesh/Materials/other/Rainbow.mat
  artifactKey: Guid(1367eb795df11ee428d27720435ed1bc) Importer(815301076,1909f56bfc062723c751e8b465ee728b)
Start importing Assets/1/Mesh/Materials/other/Rainbow.mat using Guid(1367eb795df11ee428d27720435ed1bc) Importer(815301076,1909f56bfc062723c751e8b465ee728b)  -> (artifact id: '0bda90b6e541debb4cc65a0038142394') in 0.099543 seconds 
  Import took 0.109733 seconds .

========================================================================
Received Import Request.
  Time since last request: 0.057928 seconds.
  path: Assets/1/Mesh/Materials/Sky/Tex_sky 1.mat
  artifactKey: Guid(dced4fc1071e5924f9091cc2e36b23ec) Importer(815301076,1909f56bfc062723c751e8b465ee728b)
Start importing Assets/1/Mesh/Materials/Sky/Tex_sky 1.mat using Guid(dced4fc1071e5924f9091cc2e36b23ec) Importer(815301076,1909f56bfc062723c751e8b465ee728b)  -> (artifact id: '5a4fd12438a0782013c342567109206e') in 0.133360 seconds 
  Import took 0.143499 seconds .

========================================================================
Received Import Request.
  Time since last request: 0.001718 seconds.
  path: Assets/1/Mesh/Materials/Sky/Tex_sky6.png
  artifactKey: Guid(810bfb611a1f1bf4cb22bf5d03f92776) Importer(815301076,1909f56bfc062723c751e8b465ee728b)
Start importing Assets/1/Mesh/Materials/Sky/Tex_sky6.png using Guid(810bfb611a1f1bf4cb22bf5d03f92776) Importer(815301076,1909f56bfc062723c751e8b465ee728b)  -> (artifact id: '610d41d6670904263d00177de04de72d') in 0.078885 seconds 
  Import took 0.089568 seconds .

========================================================================
Received Import Request.
  Time since last request: 0.000787 seconds.
  path: Assets/1/Mesh/Materials/Sky/Tex_sky.png
  artifactKey: Guid(9a720ddfbbc808546b4d5ae3deb1451e) Importer(815301076,1909f56bfc062723c751e8b465ee728b)
Start importing Assets/1/Mesh/Materials/Sky/Tex_sky.png using Guid(9a720ddfbbc808546b4d5ae3deb1451e) Importer(815301076,1909f56bfc062723c751e8b465ee728b)  -> (artifact id: 'ad46ab0bcd405545669c3edaf7685338') in 0.084280 seconds 
  Import took 0.106046 seconds .

========================================================================
Received Import Request.
  Time since last request: 0.000701 seconds.
  path: Assets/1/Mesh/Materials/Sky/Tex_sky2.png
  artifactKey: Guid(240fe88bd9d5d55448a6ac4a6541070b) Importer(815301076,1909f56bfc062723c751e8b465ee728b)
Start importing Assets/1/Mesh/Materials/Sky/Tex_sky2.png using Guid(240fe88bd9d5d55448a6ac4a6541070b) Importer(815301076,1909f56bfc062723c751e8b465ee728b)  -> (artifact id: '9c69320392e03a5ed7d910dedd9c401b') in 0.098682 seconds 
  Import took 0.119280 seconds .

========================================================================
Received Import Request.
  Time since last request: 0.000843 seconds.
  path: Assets/1/Mesh/Materials/Sky/Tex_sky 2.mat
  artifactKey: Guid(a1c8ec6f0da8da740bad0b5370a316c9) Importer(815301076,1909f56bfc062723c751e8b465ee728b)
Start importing Assets/1/Mesh/Materials/Sky/Tex_sky 2.mat using Guid(a1c8ec6f0da8da740bad0b5370a316c9) Importer(815301076,1909f56bfc062723c751e8b465ee728b)  -> (artifact id: '7504ec722558643053f3cd15ac5eaf8b') in 0.112006 seconds 
  Import took 0.122347 seconds .

========================================================================
Received Import Request.
  Time since last request: 0.000671 seconds.
  path: Assets/1/Mesh/Materials/Sky/Tex_sky3.png
  artifactKey: Guid(e7a1feb7755887147beb095571df8219) Importer(815301076,1909f56bfc062723c751e8b465ee728b)
Start importing Assets/1/Mesh/Materials/Sky/Tex_sky3.png using Guid(e7a1feb7755887147beb095571df8219) Importer(815301076,1909f56bfc062723c751e8b465ee728b)  -> (artifact id: '5b926175c7c2a8bd966f764dffed1793') in 0.078959 seconds 
  Import took 0.088742 seconds .

========================================================================
Received Import Request.
  Time since last request: 0.000689 seconds.
  path: Assets/1/Mesh/Materials/Sky/Tex_sky 3.mat
  artifactKey: Guid(8263b25b8b4d689499dfdc9afd056b11) Importer(815301076,1909f56bfc062723c751e8b465ee728b)
Start importing Assets/1/Mesh/Materials/Sky/Tex_sky 3.mat using Guid(8263b25b8b4d689499dfdc9afd056b11) Importer(815301076,1909f56bfc062723c751e8b465ee728b)  -> (artifact id: '032b76be5b0bb0796bc695d66ce09376') in 0.099256 seconds 
  Import took 0.109197 seconds .

========================================================================
Received Import Request.
  Time since last request: 0.000703 seconds.
  path: Assets/1/Mesh/Materials/Sky/Tex_sky.mat
  artifactKey: Guid(cad57e8063cdfb341b585699015e07df) Importer(815301076,1909f56bfc062723c751e8b465ee728b)
Start importing Assets/1/Mesh/Materials/Sky/Tex_sky.mat using Guid(cad57e8063cdfb341b585699015e07df) Importer(815301076,1909f56bfc062723c751e8b465ee728b)  -> (artifact id: 'd8e9b84e9a93c71d48b9dc1f72d5e5b2') in 0.076120 seconds 
  Import took 0.185865 seconds .

========================================================================
Received Import Request.
  Time since last request: 4.967540 seconds.
  path: Assets/1/Mesh/Baloon.fbx
  artifactKey: Guid(be220e219ff043e42905a13f5a784a00) Importer(815301076,1909f56bfc062723c751e8b465ee728b)
Start importing Assets/1/Mesh/Baloon.fbx using Guid(be220e219ff043e42905a13f5a784a00) Importer(815301076,1909f56bfc062723c751e8b465ee728b)  -> (artifact id: 'd2aba3a931c6377427cdda0c8f8cf646') in 0.295164 seconds 
  Import took 0.317916 seconds .

========================================================================
Received Import Request.
  Time since last request: 0.000723 seconds.
  path: Assets/1/Mesh/Bonus.fbx
  artifactKey: Guid(ea86bc89084e999498bd82acd3cd69e1) Importer(815301076,1909f56bfc062723c751e8b465ee728b)
Start importing Assets/1/Mesh/Bonus.fbx using Guid(ea86bc89084e999498bd82acd3cd69e1) Importer(815301076,1909f56bfc062723c751e8b465ee728b)  -> (artifact id: '9a158cd6c80e2807d50abccd79b6e0c9') in 0.088145 seconds 
  Import took 0.097189 seconds .

========================================================================
Received Import Request.
  Time since last request: 0.000741 seconds.
  path: Assets/1/Mesh/Cloud.fbx
  artifactKey: Guid(19bf2b08146e01347adf195e67e611cd) Importer(815301076,1909f56bfc062723c751e8b465ee728b)
Start importing Assets/1/Mesh/Cloud.fbx using Guid(19bf2b08146e01347adf195e67e611cd) Importer(815301076,1909f56bfc062723c751e8b465ee728b)  -> (artifact id: '61940cf108163acba4b19758f6ae4389') in 0.070356 seconds 
  Import took 0.079546 seconds .

========================================================================
Received Import Request.
  Time since last request: 0.000596 seconds.
  path: Assets/1/Mesh/Coin.fbx
  artifactKey: Guid(e1b4ee182bfb4844cba56a4f096a12bd) Importer(815301076,1909f56bfc062723c751e8b465ee728b)
Start importing Assets/1/Mesh/Coin.fbx using Guid(e1b4ee182bfb4844cba56a4f096a12bd) Importer(815301076,1909f56bfc062723c751e8b465ee728b)  -> (artifact id: 'c969aa5bb9947a305564ec787704a943') in 0.088001 seconds 
  Import took 0.107733 seconds .

========================================================================
Received Import Request.
  Time since last request: 0.000717 seconds.
  path: Assets/1/Mesh/Castle2.fbx
  artifactKey: Guid(a7b645f690845b54a9daf943cb7846d9) Importer(815301076,1909f56bfc062723c751e8b465ee728b)
Start importing Assets/1/Mesh/Castle2.fbx using Guid(a7b645f690845b54a9daf943cb7846d9) Importer(815301076,1909f56bfc062723c751e8b465ee728b)  -> (artifact id: 'b25ec8a94b49a24bde95701b270c93b2') in 0.199621 seconds 
  Import took 0.207403 seconds .

========================================================================
Received Import Request.
  Time since last request: 0.000604 seconds.
  path: Assets/1/Mesh/Hand2fist.fbx
  artifactKey: Guid(5d7d794b085faff47a0aabcabb5300ba) Importer(815301076,1909f56bfc062723c751e8b465ee728b)
Start importing Assets/1/Mesh/Hand2fist.fbx using Guid(5d7d794b085faff47a0aabcabb5300ba) Importer(815301076,1909f56bfc062723c751e8b465ee728b)  -> (artifact id: '5d761174b17e39058f4bf7191afa3bfe') in 0.081198 seconds 
  Import took 0.089941 seconds .

========================================================================
Received Import Request.
  Time since last request: 0.000469 seconds.
  path: Assets/1/Mesh/Popit2.fbx
  artifactKey: Guid(a952b0ed5d4923f47b8e8e2209ef9250) Importer(815301076,1909f56bfc062723c751e8b465ee728b)
Start importing Assets/1/Mesh/Popit2.fbx using Guid(a952b0ed5d4923f47b8e8e2209ef9250) Importer(815301076,1909f56bfc062723c751e8b465ee728b)  -> (artifact id: '297b5d8a2b6a4773913bc1b790c421c0') in 0.200736 seconds 
  Import took 0.211458 seconds .

========================================================================
Received Import Request.
  Time since last request: 0.000690 seconds.
  path: Assets/1/Mesh/Path.fbx
  artifactKey: Guid(740fc8fcd565d264aaf6ec91085d5937) Importer(815301076,1909f56bfc062723c751e8b465ee728b)
Start importing Assets/1/Mesh/Path.fbx using Guid(740fc8fcd565d264aaf6ec91085d5937) Importer(815301076,1909f56bfc062723c751e8b465ee728b)  -> (artifact id: '2dd325ba23348782ce9a6d7420896619') in 0.161751 seconds 
  Import took 0.170584 seconds .

========================================================================
Received Import Request.
  Time since last request: 0.000578 seconds.
  path: Assets/1/Mesh/Hand.fbx
  artifactKey: Guid(0ecae95e9406fe64684d1650dff90d47) Importer(815301076,1909f56bfc062723c751e8b465ee728b)
Start importing Assets/1/Mesh/Hand.fbx using Guid(0ecae95e9406fe64684d1650dff90d47) Importer(815301076,1909f56bfc062723c751e8b465ee728b)  -> (artifact id: 'd684c15833ed1df7658266d157c944e4') in 0.094098 seconds 
  Import took 0.104727 seconds .

========================================================================
Received Import Request.
  Time since last request: 0.000703 seconds.
  path: Assets/1/Mesh/Sky.fbx
  artifactKey: Guid(52b096c2591d03b4e98205903e962ea5) Importer(815301076,1909f56bfc062723c751e8b465ee728b)
Start importing Assets/1/Mesh/Sky.fbx using Guid(52b096c2591d03b4e98205903e962ea5) Importer(815301076,1909f56bfc062723c751e8b465ee728b)  -> (artifact id: 'fabab30d8232ee9ee12e59b7f0608dc1') in 0.158061 seconds 
  Import took 0.168438 seconds .

========================================================================
Received Import Request.
  Time since last request: 0.000723 seconds.
  path: Assets/1/Mesh/Castle3.fbx
  artifactKey: Guid(184f7784ec31d4a46905734cf78e5a72) Importer(815301076,1909f56bfc062723c751e8b465ee728b)
Start importing Assets/1/Mesh/Castle3.fbx using Guid(184f7784ec31d4a46905734cf78e5a72) Importer(815301076,1909f56bfc062723c751e8b465ee728b)  -> (artifact id: '758c67fce73e0dc836a166e357dffe98') in 0.253889 seconds 
  Import took 0.261659 seconds .

========================================================================
Received Import Request.
  Time since last request: 0.000532 seconds.
  path: Assets/1/Mesh/Castle_player2.fbx
  artifactKey: Guid(d0aa7b5e880318c4d92b2e5d3cfec4d9) Importer(815301076,1909f56bfc062723c751e8b465ee728b)
Start importing Assets/1/Mesh/Castle_player2.fbx using Guid(d0aa7b5e880318c4d92b2e5d3cfec4d9) Importer(815301076,1909f56bfc062723c751e8b465ee728b)  -> (artifact id: 'ed2fe6c8670a8ea048a09aeb84ffce0d') in 0.098260 seconds 
  Import took 0.121319 seconds .

========================================================================
Received Import Request.
  Time since last request: 0.000758 seconds.
  path: Assets/1/Mesh/Castle_player.prefab
  artifactKey: Guid(ce7a555c082695d4fbcfc62baf99f481) Importer(815301076,1909f56bfc062723c751e8b465ee728b)
Start importing Assets/1/Mesh/Castle_player.prefab using Guid(ce7a555c082695d4fbcfc62baf99f481) Importer(815301076,1909f56bfc062723c751e8b465ee728b)  -> (artifact id: '6715cfb1c085422496d48a097c51f597') in 0.066005 seconds 
  Import took 0.087532 seconds .

========================================================================
Received Import Request.
  Time since last request: 0.000724 seconds.
  path: Assets/1/Mesh/Popit.fbx
  artifactKey: Guid(531ce9d0aaa0a1d47a018ca6fe16bf3a) Importer(815301076,1909f56bfc062723c751e8b465ee728b)
Start importing Assets/1/Mesh/Popit.fbx using Guid(531ce9d0aaa0a1d47a018ca6fe16bf3a) Importer(815301076,1909f56bfc062723c751e8b465ee728b)  -> (artifact id: 'ee9eb5621d3877266a379f3219c403f6') in 0.070261 seconds 
  Import took 0.079776 seconds .

========================================================================
Received Import Request.
  Time since last request: 0.000595 seconds.
  path: Assets/1/Mesh/Button.fbx
  artifactKey: Guid(5d4f4290e1f62b6428084e3f30c201de) Importer(815301076,1909f56bfc062723c751e8b465ee728b)
Start importing Assets/1/Mesh/Button.fbx using Guid(5d4f4290e1f62b6428084e3f30c201de) Importer(815301076,1909f56bfc062723c751e8b465ee728b)  -> (artifact id: '26c42e9421175af6be5ef160a0fd39da') in 0.087968 seconds 
  Import took 0.096943 seconds .

========================================================================
Received Import Request.
  Time since last request: 0.000815 seconds.
  path: Assets/1/Mesh/Castle1.fbx
  artifactKey: Guid(160430b4ad2a3fb4191e78197a0eeb82) Importer(815301076,1909f56bfc062723c751e8b465ee728b)
Start importing Assets/1/Mesh/Castle1.fbx using Guid(160430b4ad2a3fb4191e78197a0eeb82) Importer(815301076,1909f56bfc062723c751e8b465ee728b)  -> (artifact id: '3c78d1bb4eabe2604935622d38a62493') in 0.343024 seconds 
  Import took 0.352677 seconds .

========================================================================
Received Import Request.
  Time since last request: 0.000866 seconds.
  path: Assets/1/Mesh/Bonus_plane.fbx
  artifactKey: Guid(3385f43a14d6807408fab8bd51482044) Importer(815301076,1909f56bfc062723c751e8b465ee728b)
Start importing Assets/1/Mesh/Bonus_plane.fbx using Guid(3385f43a14d6807408fab8bd51482044) Importer(815301076,1909f56bfc062723c751e8b465ee728b)  -> (artifact id: '6fb291d24638c595f4bbcbd8a9230bdb') in 0.123438 seconds 
  Import took 0.131634 seconds .

========================================================================
Received Import Request.
  Time since last request: 1090.291464 seconds.
  path: Assets/Art/Tex_ground.png
  artifactKey: Guid(4971e5652aca8eb4d85759e34dc804e8) Importer(815301076,1909f56bfc062723c751e8b465ee728b)
Start importing Assets/Art/Tex_ground.png using Guid(4971e5652aca8eb4d85759e34dc804e8) Importer(815301076,1909f56bfc062723c751e8b465ee728b)  -> (artifact id: '2b79bf216aa26f04c6411d8fc1c58204') in 0.078859 seconds 
  Import took 0.086838 seconds .

========================================================================
Received Import Request.
  Time since last request: 0.001768 seconds.
  path: Assets/Art/Tex_ground.png
  artifactKey: Guid(4971e5652aca8eb4d85759e34dc804e8) Importer(815301076,1909f56bfc062723c751e8b465ee728b)
Start importing Assets/Art/Tex_ground.png using Guid(4971e5652aca8eb4d85759e34dc804e8) Importer(815301076,1909f56bfc062723c751e8b465ee728b)  -> (artifact id: '2b79bf216aa26f04c6411d8fc1c58204') in 0.078121 seconds 
  Import took 0.086206 seconds .

========================================================================
Received Import Request.
  Time since last request: 47.445485 seconds.
  path: Assets/Art
  artifactKey: Guid(f92dee9780887534081cda929a134b10) Importer(815301076,1909f56bfc062723c751e8b465ee728b)
Start importing Assets/Art using Guid(f92dee9780887534081cda929a134b10) Importer(815301076,1909f56bfc062723c751e8b465ee728b)  -> (artifact id: '0356f125f8e37a94de27fbc6a62215f9') in 0.054124 seconds 
  Import took 0.062825 seconds .

========================================================================
Received Import Request.
  Time since last request: 276.125701 seconds.
  path: Assets/Art/Plane.mat
  artifactKey: Guid(e7893bcc7becda9439eb8c53fbc4247e) Importer(815301076,1909f56bfc062723c751e8b465ee728b)
Start importing Assets/Art/Plane.mat using Guid(e7893bcc7becda9439eb8c53fbc4247e) Importer(815301076,1909f56bfc062723c751e8b465ee728b)  -> (artifact id: 'cc3155b93d868e41356b7dca126813fa') in 0.082067 seconds 
  Import took 0.101996 seconds .

========================================================================
Received Import Request.
  Time since last request: 11.477226 seconds.
  path: Assets/1/Mesh/Materials/location/Punktir.mat
  artifactKey: Guid(004205324fd8df24c8a4fc32e134518c) Importer(815301076,1909f56bfc062723c751e8b465ee728b)
Start importing Assets/1/Mesh/Materials/location/Punktir.mat using Guid(004205324fd8df24c8a4fc32e134518c) Importer(815301076,1909f56bfc062723c751e8b465ee728b)  -> (artifact id: '4d6a3fa3a519401e1da8c94ba0ebf332') in 0.080850 seconds 
  Import took 0.092026 seconds .

========================================================================
Received Import Request.
  Time since last request: 0.000905 seconds.
  path: Assets/1/Mesh/Materials/location/Tex_ground.png
  artifactKey: Guid(546dbf53b904c7e4e86060e7d4175890) Importer(815301076,1909f56bfc062723c751e8b465ee728b)
Start importing Assets/1/Mesh/Materials/location/Tex_ground.png using Guid(546dbf53b904c7e4e86060e7d4175890) Importer(815301076,1909f56bfc062723c751e8b465ee728b)  -> (artifact id: '4f49ceb0d3df036fd9da8a162025992e') in 0.080593 seconds 
  Import took 0.089155 seconds .

========================================================================
Received Import Request.
  Time since last request: 8.673651 seconds.
  path: Assets/1/Mesh/Ground.fbx
  artifactKey: Guid(830aceb6ca9927a4aa012ef8d0ff0a07) Importer(815301076,1909f56bfc062723c751e8b465ee728b)
Start importing Assets/1/Mesh/Ground.fbx using Guid(830aceb6ca9927a4aa012ef8d0ff0a07) Importer(815301076,1909f56bfc062723c751e8b465ee728b)  -> (artifact id: 'f1e446ad3eef638445c1cc22073bf310') in 0.116631 seconds 
  Import took 0.125960 seconds .

========================================================================
Received Import Request.
  Time since last request: 2.368923 seconds.
  path: Assets/1/Punktir (2).prefab
  artifactKey: Guid(0e2ca1a6116fe194dbc5a2f1c4a93449) Importer(815301076,1909f56bfc062723c751e8b465ee728b)
Start importing Assets/1/Punktir (2).prefab using Guid(0e2ca1a6116fe194dbc5a2f1c4a93449) Importer(815301076,1909f56bfc062723c751e8b465ee728b)  -> (artifact id: 'c8c9375b9f1b3dc8bb0bb6aa9038594a') in 0.262427 seconds 
  Import took 0.270642 seconds .

========================================================================
Received Prepare
Refreshing native plugins compatible for Editor in 43.62 ms, found 5 plugins.
Preloading 0 native plugins for Editor in 0.00 ms.
Unloading 180 Unused Serialized files (Serialized files now loaded: 0)
System memory in use before: 55.7 MB.
System memory in use after: 55.9 MB.

Unloading 181 unused Assets to reduce memory usage. Loaded Objects now: 2756.
Total: 8.634438 ms (FindLiveObjects: 0.252225 ms CreateObjectMapping: 0.102010 ms MarkObjects: 8.188146 ms  DeleteObjects: 0.090192 ms)

AssetImportParameters requested are different than current active one (requested -> active):
  custom:framework-win-MediaFoundation: 216162199b28c13a410421893ffa2e32 -> 
  custom:video-decoder-ogg-theora: a1e56fd34408186e4bbccfd4996cb3dc -> 
  custom:container-muxer-webm: aa71ff27fc2769a1b78a27578f13a17b -> 
  custom:container-demuxer-webm: 4f35f7cbe854078d1ac9338744f61a02 -> 
  custom:container-demuxer-ogg: 62fdf1f143b41e24485cea50d1cbac27 -> 
  custom:video-encoder-webm-vp8: eb34c28f22e8b96e1ab97ce403110664 -> 
  custom:video-decoder-webm-vp8: 9c59270c3fd7afecdb556c50c9e8de78 -> 
  custom:audio-decoder-ogg-vorbis: bf7c407c2cedff20999df2af8eb42d56 -> 
  custom:audio-encoder-webm-vorbis: bf7c407c2cedff20999df2af8eb42d56 -> 
